<?xml version="1.0" encoding="UTF-8"?>
<!-- Generated by org.testng.reporters.JUnitReportReporter -->
<testsuite skipped="0" hostname="VamsiKrishna-PC" name="com.training.sanity.tests.CYTC_062" tests="3" failures="0" timestamp="05 Apr 2019 05:50:07 GMT" time="234.865" errors="0">
  <testcase name="invalidRegistrationTest" time="87.184" classname="com.training.sanity.tests.CYTC_062"/>
  <testcase name="invalidRegistrationTest" time="70.841" classname="com.training.sanity.tests.CYTC_062"/>
  <testcase name="invalidRegistrationTest" time="76.840" classname="com.training.sanity.tests.CYTC_062"/>
</testsuite> <!-- com.training.sanity.tests.CYTC_062 -->
