<?xml version="1.0" encoding="UTF-8"?>
<!-- Generated by org.testng.reporters.JUnitReportReporter -->
<testsuite skipped="0" hostname="VamsiKrishna-PC" name="com.training.sanity.tests.CYTC_063" tests="1" failures="0" timestamp="05 Apr 2019 03:27:54 GMT" time="100.149" errors="0">
  <testcase name="ValidRegistrationTest" time="100.149" classname="com.training.sanity.tests.CYTC_063"/>
</testsuite> <!-- com.training.sanity.tests.CYTC_063 -->
