<?xml version="1.0" encoding="UTF-8"?>
<!-- Generated by org.testng.reporters.JUnitReportReporter -->
<testsuite skipped="0" hostname="VamsiKrishna-PC" name="com.training.sanity.tests.CYTC_065" tests="4" failures="0" timestamp="04 Apr 2019 17:36:55 GMT" time="527.892" errors="0">
  <testcase name="invalidRegistrationTest" time="124.890" classname="com.training.sanity.tests.CYTC_065"/>
  <testcase name="invalidRegistrationTest" time="48.403" classname="com.training.sanity.tests.CYTC_065"/>
  <testcase name="invalidRegistrationTest" time="175.858" classname="com.training.sanity.tests.CYTC_065"/>
  <testcase name="invalidRegistrationTest" time="178.741" classname="com.training.sanity.tests.CYTC_065"/>
</testsuite> <!-- com.training.sanity.tests.CYTC_065 -->
