<?xml version="1.0" encoding="UTF-8"?>
<!-- Generated by org.testng.reporters.JUnitReportReporter -->
<testsuite skipped="0" hostname="VamsiKrishna-PC" name="com.training.sanity.tests.CYTC_032" tests="1" failures="0" timestamp="27 Mar 2019 05:07:16 GMT" time="59.954" errors="0">
  <testcase name="validLoginTest" time="59.954" classname="com.training.sanity.tests.CYTC_032"/>
</testsuite> <!-- com.training.sanity.tests.CYTC_032 -->
