<?xml version="1.0" encoding="UTF-8"?>
<!-- Generated by org.testng.reporters.JUnitReportReporter -->
<testsuite skipped="0" hostname="VamsiKrishna-PC" name="com.training.sanity.tests.CYTC_002" tests="1" failures="0" timestamp="05 Apr 2019 04:18:58 GMT" time="124.079" errors="0">
  <testcase name="validLoginTest" time="124.079" classname="com.training.sanity.tests.CYTC_002"/>
</testsuite> <!-- com.training.sanity.tests.CYTC_002 -->
