<?xml version="1.0" encoding="UTF-8"?>
<!-- Generated by org.testng.reporters.JUnitReportReporter -->
<testsuite skipped="0" hostname="VamsiKrishna-PC" name="com.training.sanity.tests.CYTC_005" tests="1" failures="0" timestamp="21 Mar 2019 19:45:10 GMT" time="206.415" errors="0">
  <testcase name="validLoginTest" time="206.415" classname="com.training.sanity.tests.CYTC_005"/>
</testsuite> <!-- com.training.sanity.tests.CYTC_005 -->
