<?xml version="1.0" encoding="UTF-8"?>
<!-- Generated by org.testng.reporters.JUnitReportReporter -->
<testsuite skipped="0" hostname="VamsiKrishna-PC" name="com.training.sanity.tests.CYTC_034" tests="1" failures="0" timestamp="27 Mar 2019 16:10:55 GMT" time="135.528" errors="0">
  <testcase name="validLoginTest" time="135.528" classname="com.training.sanity.tests.CYTC_034"/>
</testsuite> <!-- com.training.sanity.tests.CYTC_034 -->
