<?xml version="1.0" encoding="UTF-8"?>
<!-- Generated by org.testng.reporters.JUnitReportReporter -->
<testsuite skipped="0" hostname="VamsiKrishna-PC" name="com.training.sanity.tests.CYTC_31" tests="1" failures="0" timestamp="27 Mar 2019 15:56:53 GMT" time="67.472" errors="0">
  <testcase name="validLoginTest" time="67.472" classname="com.training.sanity.tests.CYTC_31"/>
</testsuite> <!-- com.training.sanity.tests.CYTC_31 -->
