<?xml version="1.0" encoding="UTF-8"?>
<!-- Generated by org.testng.reporters.JUnitReportReporter -->
<testsuite skipped="0" hostname="VamsiKrishna-PC" name="com.training.sanity.tests.CYTC_004" tests="1" failures="0" timestamp="21 Mar 2019 17:11:58 GMT" time="153.324" errors="0">
  <testcase name="validLoginTest" time="153.324" classname="com.training.sanity.tests.CYTC_004"/>
</testsuite> <!-- com.training.sanity.tests.CYTC_004 -->
