<?xml version="1.0" encoding="UTF-8"?>
<!-- Generated by org.testng.reporters.JUnitReportReporter -->
<testsuite skipped="0" hostname="VamsiKrishna-PC" name="com.training.sanity.tests.CYTC_0033" tests="1" failures="0" timestamp="26 Mar 2019 11:15:38 GMT" time="55.189" errors="0">
  <testcase name="validLoginTest" time="55.189" classname="com.training.sanity.tests.CYTC_0033"/>
</testsuite> <!-- com.training.sanity.tests.CYTC_0033 -->
