<?xml version="1.0" encoding="UTF-8"?>
<!-- Generated by org.testng.reporters.JUnitReportReporter -->
<testsuite skipped="0" hostname="VamsiKrishna-PC" name="com.training.sanity.tests.CYTC_061" tests="1" failures="0" timestamp="05 Apr 2019 05:41:53 GMT" time="133.491" errors="0">
  <testcase name="invalidRegistrationTest" time="133.491" classname="com.training.sanity.tests.CYTC_061"/>
</testsuite> <!-- com.training.sanity.tests.CYTC_061 -->
