<?xml version="1.0" encoding="UTF-8"?>
<!-- Generated by org.testng.reporters.JUnitReportReporter -->
<testsuite skipped="0" hostname="VamsiKrishna-PC" name="com.training.sanity.tests.CYTC_035" tests="1" failures="0" timestamp="26 Mar 2019 16:39:23 GMT" time="43.654" errors="0">
  <testcase name="validLoginTest" time="43.654" classname="com.training.sanity.tests.CYTC_035"/>
</testsuite> <!-- com.training.sanity.tests.CYTC_035 -->
