<?xml version="1.0" encoding="UTF-8"?>
<!-- Generated by org.testng.reporters.JUnitReportReporter -->
<testsuite skipped="0" hostname="VamsiKrishna-PC" name="com.training.sanity.tests.CYTC_001" tests="1" failures="0" timestamp="05 Apr 2019 03:46:56 GMT" time="88.507" errors="0">
  <testcase name="validLoginTest" time="88.507" classname="com.training.sanity.tests.CYTC_001"/>
</testsuite> <!-- com.training.sanity.tests.CYTC_001 -->
